2026-04-15 16:35:15,335 | INFO | === SnapValid 优化版启动 ===
2026-04-15 16:35:15,623 | INFO | OCR 模型加载完成
2026-04-15 16:35:15,874 | INFO | 快捷键监听已启动
2026-04-15 16:35:36,537 | INFO | 开始录制操作
2026-04-15 16:36:57,376 | INFO | 用户手动退出程序
2026-04-15 16:49:11,487 | INFO | === SnapValid 优化版启动 ===
2026-04-15 16:49:11,727 | INFO | OCR 加载完成
2026-04-15 16:49:11,939 | INFO | 快捷键监听已启动
2026-04-15 16:49:14,896 | INFO | 开始录制（鼠标+键盘+点击）
2026-04-15 16:49:21,971 | INFO | 用户手动退出程序
2026-04-15 16:50:53,143 | INFO | === SnapValid 优化版启动 ===
2026-04-15 16:50:53,366 | INFO | OCR 加载完成
2026-04-15 16:50:53,531 | INFO | 快捷键监听已启动
2026-04-15 16:51:02,080 | INFO | 开始录制（鼠标+键盘+点击）
2026-04-15 16:52:06,809 | INFO | 用户手动退出程序
2026-04-15 16:55:26,236 | INFO | === SnapValid 优化版启动 ===
2026-04-15 16:55:26,468 | INFO | OCR 加载完成
2026-04-15 16:55:26,629 | INFO | 快捷键监听已启动
2026-04-15 16:55:29,912 | INFO | 开始录制（鼠标+点击+键盘 全支持）
2026-04-15 16:55:43,831 | INFO | 请框选校验区域
2026-04-15 16:55:49,476 | INFO | 已保存基准图，下次校验对比
2026-04-15 16:55:54,128 | INFO | 请框选验证码区域
2026-04-15 16:55:59,324 | INFO | 识别结果：h
2026-04-15 16:56:13,231 | INFO | 开始回放
2026-04-15 16:57:19,645 | INFO | 用户手动退出程序
2026-04-15 16:57:29,598 | INFO | === SnapValid 优化版启动 ===
2026-04-15 16:57:29,869 | INFO | OCR 加载完成
2026-04-15 16:57:30,135 | INFO | 快捷键监听已启动
2026-04-15 16:57:36,872 | INFO | 开始录制（鼠标+点击+键盘 全支持）
2026-04-15 16:58:17,241 | INFO | 请框选校验区域
2026-04-15 16:58:29,960 | INFO | 用户手动退出程序
2026-04-15 17:04:16,995 | INFO | === SnapValid 优化版启动 ===
2026-04-15 17:04:17,271 | INFO | OCR 加载完成
2026-04-15 17:04:17,479 | INFO | 快捷键监听已启动
2026-04-15 17:04:20,807 | INFO | 【录制】开始记录：鼠标移动 + 点击 + 键盘输入
2026-04-15 17:04:20,808 | INFO | 【录制】键盘输入: [f9]
2026-04-15 17:04:44,641 | INFO | 【录制】键盘输入: [h]
2026-04-15 17:04:44,969 | INFO | 【录制】键盘输入: [t]
2026-04-15 17:04:45,130 | INFO | 【录制】键盘输入: [t]
2026-04-15 17:04:45,480 | INFO | 【录制】键盘输入: [p]
2026-04-15 17:04:45,816 | INFO | 【录制】键盘输入: [s]
2026-04-15 17:04:47,623 | INFO | 【录制】键盘输入: [right shift]
2026-04-15 17:04:47,823 | INFO | 【录制】键盘输入: [:]
2026-04-15 17:04:48,263 | INFO | 【录制】键盘输入: [/]
2026-04-15 17:04:48,399 | INFO | 【录制】键盘输入: [/]
2026-04-15 17:04:49,455 | INFO | 【录制】键盘输入: [1]
2026-04-15 17:04:49,751 | INFO | 【录制】键盘输入: [7]
2026-04-15 17:04:49,964 | INFO | 【录制】键盘输入: [2]
2026-04-15 17:04:50,385 | INFO | 【录制】键盘输入: [.]
2026-04-15 17:04:50,648 | INFO | 【录制】键盘输入: [2]
2026-04-15 17:04:50,904 | INFO | 【录制】键盘输入: [6]
2026-04-15 17:04:51,448 | INFO | 【录制】键盘输入: [.]
2026-04-15 17:04:51,687 | INFO | 【录制】键盘输入: [2]
2026-04-15 17:04:52,056 | INFO | 【录制】键盘输入: [7]
2026-04-15 17:04:53,319 | INFO | 【录制】键盘输入: [.]
2026-04-15 17:04:53,712 | INFO | 【录制】键盘输入: [2]
2026-04-15 17:04:53,983 | INFO | 【录制】键盘输入: [3]
2026-04-15 17:04:54,271 | INFO | 【录制】键盘输入: [1]
2026-04-15 17:04:55,359 | INFO | 【录制】键盘输入: [right shift]
2026-04-15 17:04:55,551 | INFO | 【录制】键盘输入: [:]
2026-04-15 17:04:56,111 | INFO | 【录制】键盘输入: [1]
2026-04-15 17:04:57,087 | INFO | 【录制】键盘输入: [0]
2026-04-15 17:04:57,423 | INFO | 【录制】键盘输入: [4]
2026-04-15 17:04:57,583 | INFO | 【录制】键盘输入: [4]
2026-04-15 17:04:57,799 | INFO | 【录制】键盘输入: [3]
2026-04-15 17:05:00,572 | INFO | 【录制】键盘输入: [enter]
2026-04-15 17:05:09,728 | INFO | 【录制】键盘输入: [ctrl]
2026-04-15 17:05:09,743 | INFO | 【录制】键盘输入: [alt]
2026-04-15 17:05:10,046 | INFO | 【截图】请框选校验区域
2026-04-15 17:05:13,200 | INFO | 【截图】相似度: 20.57%
2026-04-15 17:05:13,205 | INFO | 【录制】键盘输入: [s]
2026-04-15 17:05:14,959 | INFO | 【录制】键盘输入: [ctrl]
2026-04-15 17:05:14,998 | INFO | 【录制】键盘输入: [alt]
2026-04-15 17:05:15,479 | INFO | 【OCR】请框选验证码区域
2026-04-15 17:05:18,762 | INFO | 【OCR】识别结果: 
2026-04-15 17:05:18,784 | INFO | 【录制】键盘输入: [i]
2026-04-15 17:05:27,263 | INFO | 【录制】键盘输入: [enter]
2026-04-15 17:05:31,727 | INFO | 【录制】键盘输入: [delete]
2026-04-15 17:05:33,999 | INFO | 【录制】键盘输入: [delete]
2026-04-15 17:05:39,470 | INFO | 【操作】已停止
2026-04-15 17:05:39,479 | INFO | 【录制】已停止
2026-04-15 17:05:57,882 | INFO | 用户手动退出程序
2026-04-15 17:11:05,305 | INFO | === SnapValid 优化版启动 ===
2026-04-15 17:11:05,547 | INFO | OCR 加载完成
2026-04-15 17:11:05,711 | INFO | 快捷键监听已启动
2026-04-15 17:11:09,694 | INFO | 【录制】开始记录：鼠标移动 + 点击 + 键盘输入
2026-04-15 17:11:09,697 | INFO | 【录制】键盘输入: [f6]
2026-04-15 17:11:43,302 | INFO | 【录制】键盘输入: [httpsright shift://1]
2026-04-15 17:11:45,906 | INFO | 【录制】键盘输入: [72.26.2]
2026-04-15 17:11:46,519 | INFO | 【录制】键盘输入: [7]
2026-04-15 17:11:47,255 | INFO | 【录制】键盘输入: [.]
2026-04-15 17:11:49,745 | INFO | 【录制】键盘输入: [231]
2026-04-15 17:11:50,930 | INFO | 【录制】键盘输入: [right shift:]
2026-04-15 17:11:52,725 | INFO | 【录制】键盘输入: [10443]
2026-04-15 17:11:52,975 | INFO | 【录制】键盘输入: [enter]
2026-04-15 17:12:13,942 | INFO | 【操作】已停止
2026-04-15 17:12:13,956 | INFO | 【录制】已停止
2026-04-15 17:12:16,367 | INFO | 用户手动退出程序
2026-04-15 17:15:10,137 | INFO | === SnapValid 优化版启动 ===
2026-04-15 17:15:10,396 | INFO | OCR 加载完成
2026-04-15 17:15:10,623 | INFO | 快捷键监听已启动
2026-04-15 17:15:17,557 | INFO | 【录制】开始记录：鼠标移动 + 点击 + 键盘输入
2026-04-15 17:15:45,931 | INFO | 【录制】键盘输入: [http]
2026-04-15 17:15:46,270 | INFO | 【录制】键盘输入: [s]
2026-04-15 17:15:46,736 | INFO | 【录制】键盘输入: [:]
2026-04-15 17:15:47,292 | INFO | 【录制】键盘输入: [//]
2026-04-15 17:15:51,214 | INFO | 【录制】键盘输入: [172]
2026-04-15 17:15:52,728 | INFO | 【录制】键盘输入: [.2]
2026-04-15 17:15:53,130 | INFO | 【录制】键盘输入: [6]
2026-04-15 17:15:54,304 | INFO | 【录制】键盘输入: [.27]
2026-04-15 17:15:55,695 | INFO | 【录制】键盘输入: [.]
2026-04-15 17:15:56,343 | INFO | 【录制】键盘输入: [23]
2026-04-15 17:15:56,683 | INFO | 【录制】键盘输入: [1]
2026-04-15 17:15:57,793 | INFO | 【录制】键盘输入: [:]
2026-04-15 17:15:59,717 | INFO | 【录制】键盘输入: [删除]
2026-04-15 17:15:59,774 | INFO | 【录制】键盘输入: [删除]
2026-04-15 17:16:01,253 | INFO | 【录制】键盘输入: [1]
2026-04-15 17:16:01,593 | INFO | 【录制】键盘输入: [0]
2026-04-15 17:16:02,148 | INFO | 【录制】键盘输入: [44]
2026-04-15 17:16:02,669 | INFO | 【录制】键盘输入: [3]
2026-04-15 17:16:02,671 | INFO | 【录制】键盘输入: [回车]
2026-04-15 17:16:19,373 | INFO | 【操作】已停止
2026-04-15 17:16:19,386 | INFO | 【录制】已停止
2026-04-15 17:16:34,758 | INFO | 用户手动退出程序
2026-04-15 17:18:21,066 | INFO | === SnapValid 优化版启动 ===
2026-04-15 17:18:21,369 | INFO | OCR 加载完成
2026-04-15 17:18:21,598 | INFO | 快捷键监听已启动
2026-04-15 17:18:24,999 | INFO | 【录制】开始记录：鼠标移动 + 点击 + 键盘输入
2026-04-15 17:18:38,917 | INFO | 【录制】键盘输入: [h]
2026-04-15 17:18:39,442 | INFO | 【录制】键盘输入: [tt]
2026-04-15 17:18:39,970 | INFO | 【录制】键盘输入: [p]
2026-04-15 17:18:40,494 | INFO | 【录制】键盘输入: [s]
2026-04-15 17:18:41,017 | INFO | 【录制】键盘输入: [:/]
2026-04-15 17:18:41,543 | INFO | 【录制】键盘输入: [/]
2026-04-15 17:18:43,890 | INFO | 【录制】键盘输入: [1]
2026-04-15 17:18:44,414 | INFO | 【录制】键盘输入: [72]
2026-04-15 17:18:44,939 | INFO | 【录制】键盘输入: [.]
2026-04-15 17:18:45,465 | INFO | 【录制】键盘输入: [26]
2026-04-15 17:18:45,990 | INFO | 【录制】键盘输入: [.2]
2026-04-15 17:18:46,492 | INFO | 【录制】键盘输入: [7]
2026-04-15 17:18:47,019 | INFO | 【录制】键盘输入: [.2]
2026-04-15 17:18:47,543 | INFO | 【录制】键盘输入: [3]
2026-04-15 17:18:48,070 | INFO | 【录制】键盘输入: [1]
2026-04-15 17:18:48,687 | INFO | 【录制】键盘输入: [:]
2026-04-15 17:18:49,212 | INFO | 【录制】键盘输入: [1]
2026-04-15 17:18:49,957 | INFO | 【录制】键盘输入: [0]
2026-04-15 17:18:50,487 | INFO | 【录制】键盘输入: [44]
2026-04-15 17:18:50,917 | INFO | 【录制】键盘输入: [3]
2026-04-15 17:18:50,919 | INFO | 【录制】键盘输入: [回车]
2026-04-15 17:18:58,942 | INFO | 【操作】已停止
2026-04-15 17:18:58,947 | INFO | 【录制】已停止
2026-04-15 17:19:01,223 | INFO | 用户手动退出程序
2026-04-15 17:21:36,834 | INFO | === SnapValid 优化版启动 ===
2026-04-15 17:21:37,038 | INFO | OCR 加载完成
2026-04-15 17:21:37,203 | INFO | 快捷键监听已启动
2026-04-15 17:21:46,550 | INFO | 【录制】开始记录：鼠标移动 + 点击 + 键盘输入
2026-04-15 17:22:03,589 | INFO | 【录制】键盘输入: [https://172.26.27.231:10443]
2026-04-15 17:22:03,591 | INFO | 【录制】键盘输入: [回车]
2026-04-15 17:22:27,014 | INFO | 【OCR】请框选验证码区域
2026-04-15 17:22:45,903 | ERROR | 【OCR】失败: tile cannot extend outside image
2026-04-15 17:22:53,437 | INFO | 【OCR】请框选验证码区域
2026-04-15 17:22:57,664 | INFO | 【OCR】识别结果: dew5
2026-04-15 17:23:14,317 | INFO | 【截图】请框选校验区域
2026-04-15 17:23:20,258 | INFO | 【截图】相似度: -3.92%
2026-04-15 17:23:40,709 | INFO | 【操作】已停止
2026-04-15 17:23:40,736 | INFO | 【录制】键盘输入: [rayleighSilvers$R7ioidew5s]
2026-04-15 17:23:40,739 | INFO | 【录制】已停止
2026-04-15 17:24:14,711 | INFO | 用户手动退出程序
2026-04-15 17:24:19,606 | INFO | === SnapValid 优化版启动 ===
2026-04-15 17:24:19,858 | INFO | OCR 加载完成
2026-04-15 17:24:20,012 | INFO | 快捷键监听已启动
2026-04-15 17:24:21,708 | INFO | 【回放】无操作记录
2026-04-15 17:24:27,621 | INFO | 【回放】无操作记录
2026-04-15 17:24:29,189 | INFO | 用户手动退出程序
2026-04-17 10:01:47,509 | INFO | OCR 加载完成
2026-04-17 10:01:48,338 | INFO | 快捷键监听已启动
2026-04-17 10:02:01,287 | INFO | 【录制】开始记录：鼠标移动 + 点击 + 键盘输入
2026-04-17 10:02:43,837 | INFO | 【录制】键盘输入: [https://172.26.27.231:10443]
2026-04-17 10:02:43,842 | INFO | 【录制】键盘输入: [回车]
2026-04-17 10:03:04,851 | INFO | 【截图】请框选校验区域
2026-04-17 10:03:12,539 | INFO | 【截图】相似度: 0.00%
2026-04-17 10:03:41,953 | INFO | 【OCR】请框选验证码区域
2026-04-17 10:03:45,754 | INFO | 【OCR】识别结果: banw
2026-04-17 10:04:02,269 | INFO | 【操作】已停止
2026-04-17 10:04:02,289 | INFO | 【录制】键盘输入: [srayleighSilvers$R7banibanw]
2026-04-17 10:04:02,295 | INFO | 【录制】已停止
2026-04-17 10:04:10,981 | INFO | 【回放】开始执行
2026-04-17 10:04:46,789 | INFO | 【回放】按键 [enter]
2026-04-17 10:06:26,439 | INFO | 【回放】执行完成
2026-04-17 10:07:32,712 | INFO | 【操作】已停止
2026-04-17 10:11:48,921 | INFO | OCR 加载完成
2026-04-17 10:11:49,651 | INFO | 快捷键监听已启动
2026-04-17 10:12:34,917 | INFO | 【截图】请框选校验区域
2026-04-17 10:12:39,490 | INFO | 【截图】相似度: 0.00%
2026-04-17 10:12:56,731 | INFO | 【OCR】请框选验证码区域
2026-04-17 10:13:00,973 | INFO | 【OCR】识别结果: cgnn
2026-04-17 10:13:28,823 | INFO | 【操作】已停止
2026-04-17 10:19:11,535 | INFO | OCR 加载完成
2026-04-17 10:19:12,403 | INFO | 快捷键监听已启动
2026-04-17 10:19:26,373 | INFO | 【录制】开始记录：鼠标移动 + 点击 + 键盘输入
2026-04-17 10:19:37,537 | INFO | 【操作】已停止
2026-04-17 10:19:37,552 | INFO | 【录制】已停止
2026-04-17 10:20:46,473 | INFO | OCR 加载完成
2026-04-17 10:20:47,230 | INFO | 快捷键监听已启动
2026-04-17 10:20:59,813 | INFO | 【录制】开始记录：鼠标移动 + 点击 + 键盘输入
2026-04-17 10:20:59,817 | INFO | 【录制】已停止
2026-04-17 10:21:04,660 | INFO | 【操作】已停止
2026-04-17 10:22:57,973 | INFO | OCR 加载完成
2026-04-17 10:22:58,704 | INFO | 快捷键监听已启动
2026-04-17 10:23:17,800 | INFO | 【录制】开始记录：鼠标移动 + 点击 + 键盘输入
2026-04-17 10:23:18,390 | INFO | 【OCR】请框选验证码区域
2026-04-17 10:23:18,571 | INFO | 【OCR】请框选验证码区域
2026-04-17 10:23:18,730 | INFO | 【OCR】请框选验证码区域
2026-04-17 10:23:18,884 | INFO | 【OCR】请框选验证码区域
2026-04-17 10:23:19,071 | INFO | 【OCR】请框选验证码区域
2026-04-17 10:23:19,219 | INFO | 【OCR】请框选验证码区域
2026-04-17 10:23:19,346 | INFO | 【OCR】请框选验证码区域
2026-04-17 10:23:19,507 | INFO | 【OCR】请框选验证码区域
2026-04-17 10:23:19,691 | INFO | 【OCR】请框选验证码区域
2026-04-17 10:23:19,904 | INFO | 【OCR】请框选验证码区域
2026-04-17 10:23:20,062 | INFO | 【OCR】请框选验证码区域
2026-04-17 10:23:20,269 | INFO | 【OCR】请框选验证码区域
2026-04-17 10:23:20,461 | INFO | 【OCR】请框选验证码区域
2026-04-17 10:23:20,632 | INFO | 【OCR】请框选验证码区域
2026-04-17 10:23:20,851 | INFO | 【OCR】请框选验证码区域
2026-04-17 10:23:20,941 | INFO | 【OCR】请框选验证码区域
2026-04-17 10:23:21,515 | INFO | 【OCR】请框选验证码区域
2026-04-17 10:23:22,826 | INFO | 【操作】已停止
2026-04-17 10:23:22,885 | INFO | 【录制】已停止
2026-04-17 10:23:23,144 | INFO | 【操作】已停止
2026-04-17 10:23:26,450 | INFO | 【录制】开始记录：鼠标移动 + 点击 + 键盘输入
2026-04-17 10:23:57,091 | INFO | OCR 加载完成
2026-04-17 10:23:57,876 | INFO | 快捷键监听已启动
2026-04-17 10:24:01,991 | INFO | 【录制】开始记录：鼠标移动 + 点击 + 键盘输入
2026-04-17 10:25:17,538 | INFO | 【操作】已停止
2026-04-17 10:25:17,547 | INFO | 【录制】已停止
2026-04-17 10:38:22,885 | INFO | OCR 加载完成
2026-04-17 10:40:13,719 | INFO | OCR 加载完成
2026-04-17 10:40:14,475 | INFO | 快捷键监听已启动
2026-04-17 10:40:21,913 | INFO | 【录制】开始记录：鼠标移动 + 点击 + 键盘输入
2026-04-17 10:40:24,055 | INFO | 【录制】鼠标点击: (102,447)
2026-04-17 10:40:24,380 | INFO | 【录制】鼠标点击: (102,447)
2026-04-17 10:40:27,461 | INFO | 【录制】鼠标点击: (2612,21)
2026-04-17 10:40:27,796 | INFO | 【录制】鼠标点击: (1752,232)
2026-04-17 10:40:28,128 | INFO | 【录制】鼠标点击: (927,120)
2026-04-17 10:40:28,452 | INFO | 【录制】鼠标点击: (927,120)
2026-04-17 10:40:28,778 | INFO | 【录制】鼠标点击: (926,117)
2026-04-17 10:40:29,101 | INFO | 【录制】鼠标点击: (924,115)
2026-04-17 10:40:29,507 | INFO | 【录制】鼠标点击: (924,115)
2026-04-17 10:40:31,707 | INFO | 【录制】鼠标点击: (730,65)
2026-04-17 10:40:48,220 | INFO | 【录制】键盘输入: [https://172.26.27.231:10443]
2026-04-17 10:40:48,222 | INFO | 【录制】键盘输入: [回车]
2026-04-17 10:40:52,235 | INFO | 【录制】鼠标点击: (928,427)
2026-04-17 10:41:04,396 | INFO | 【OCR】请框选验证码区域
2026-04-17 10:41:06,825 | INFO | 【录制】键盘输入: [rayleighSilvers$R7]
2026-04-17 10:41:06,834 | INFO | 【录制】鼠标点击: (1009,545)
2026-04-17 10:41:07,158 | INFO | 【录制】鼠标点击: (1098,573)
2026-04-17 10:41:07,482 | INFO | 【录制】鼠标点击: (1102,574)
2026-04-17 10:41:07,805 | INFO | 【录制】鼠标点击: (1111,576)
2026-04-17 10:41:08,128 | INFO | 【录制】鼠标点击: (1111,576)
2026-04-17 10:41:08,452 | INFO | 【录制】鼠标点击: (1113,576)
2026-04-17 10:41:08,775 | INFO | 【录制】鼠标点击: (1116,579)
2026-04-17 10:41:09,344 | INFO | 【OCR】识别结果: ww3w
2026-04-17 10:41:12,673 | INFO | 【录制】键盘输入: [iww3w]
2026-04-17 10:41:12,675 | INFO | 【录制】鼠标点击: (1082,507)
2026-04-17 10:41:16,955 | INFO | 【录制】鼠标点击: (1073,511)
2026-04-17 10:41:17,278 | INFO | 【录制】鼠标点击: (669,481)
2026-04-17 10:41:24,624 | INFO | 【录制】鼠标点击: (3197,482)
2026-04-17 10:41:24,680 | INFO | 【操作】已停止
2026-04-17 10:41:24,706 | INFO | 【录制】已停止
2026-04-17 10:41:29,711 | INFO | 【录制】开始记录：鼠标移动 + 点击 + 键盘输入
2026-04-17 10:41:32,783 | INFO | 【录制】鼠标点击: (103,462)
2026-04-17 10:41:35,535 | INFO | 【录制】鼠标点击: (706,66)
2026-04-17 10:41:49,923 | INFO | 【录制】键盘输入: [https://172.26.27.231:10443]
2026-04-17 10:41:49,924 | INFO | 【录制】键盘输入: [回车]
2026-04-17 10:41:53,233 | INFO | 【录制】鼠标点击: (954,432)
2026-04-17 10:41:58,642 | INFO | 【录制】键盘输入: [rayleigh]
2026-04-17 10:41:58,644 | INFO | 【录制】鼠标点击: (1018,495)
2026-04-17 10:42:09,454 | INFO | 【录制】键盘输入: [Silvers$R7s]
2026-04-17 10:42:09,456 | INFO | 【录制】鼠标点击: (680,191)
2026-04-17 10:42:09,781 | INFO | 【录制】鼠标点击: (898,285)
2026-04-17 10:42:10,104 | INFO | 【录制】鼠标点击: (1002,317)
2026-04-17 10:42:10,428 | INFO | 【录制】鼠标点击: (1087,336)
2026-04-17 10:42:10,751 | INFO | 【录制】鼠标点击: (1160,346)
2026-04-17 10:42:11,074 | INFO | 【录制】鼠标点击: (1183,346)
2026-04-17 10:42:14,470 | INFO | 【录制】鼠标点击: (1290,377)
2026-04-17 10:42:21,336 | INFO | 【录制】键盘输入: [si]
2026-04-17 10:42:21,338 | INFO | 【录制】鼠标点击: (1166,629)
2026-04-17 10:42:21,985 | INFO | 【录制】鼠标点击: (938,561)
2026-04-17 10:42:27,149 | INFO | 【录制】键盘输入: [i]
2026-04-17 10:42:27,152 | INFO | 【录制】鼠标点击: (1294,559)
2026-04-17 10:42:31,269 | INFO | 【录制】鼠标点击: (3192,491)
2026-04-17 10:42:31,388 | INFO | 【操作】已停止
2026-04-17 10:42:31,432 | INFO | 【录制】已停止
2026-04-17 10:46:07,005 | INFO | OCR 加载完成
2026-04-17 10:46:07,792 | INFO | 快捷键监听已启动
2026-04-17 10:46:18,467 | INFO | 【录制】开始记录：鼠标移动 + 点击 + 键盘输入
2026-04-17 10:46:20,926 | INFO | 【录制】鼠标点击: (116,443)
2026-04-17 10:46:24,651 | INFO | 【录制】鼠标点击: (421,70)
2026-04-17 10:46:37,481 | INFO | 【录制】键盘输入: [https://172.26.27.231:10443]
2026-04-17 10:46:37,482 | INFO | 【录制】键盘输入: [回车]
2026-04-17 10:46:41,649 | INFO | 【截图】请框选校验区域
2026-04-17 10:46:43,345 | INFO | 【录制】鼠标点击: (667,198)
2026-04-17 10:46:43,801 | INFO | 【录制】鼠标点击: (946,292)
2026-04-17 10:46:44,255 | INFO | 【录制】鼠标点击: (1197,376)
2026-04-17 10:46:44,709 | INFO | 【录制】鼠标点击: (1222,355)
2026-04-17 10:46:45,162 | INFO | 【录制】鼠标点击: (1243,357)
2026-04-17 10:46:45,806 | INFO | 【截图】已保存基准图
2026-04-17 10:46:48,255 | INFO | 【录制】键盘输入: [s]
2026-04-17 10:46:48,260 | INFO | 【录制】鼠标点击: (1067,446)
2026-04-17 10:46:52,798 | INFO | 【录制】键盘输入: [rayleigh]
2026-04-17 10:46:52,806 | INFO | 【录制】鼠标点击: (1096,494)
2026-04-17 10:46:58,704 | INFO | 【录制】键盘输入: [Silvers$R7]
2026-04-17 10:46:58,708 | INFO | 【录制】鼠标点击: (960,558)
2026-04-17 10:47:01,369 | INFO | 【OCR】请框选验证码区域
2026-04-17 10:47:04,171 | INFO | 【录制】鼠标点击: (1011,544)
2026-04-17 10:47:04,626 | INFO | 【录制】鼠标点击: (1097,571)
2026-04-17 10:47:05,082 | INFO | 【录制】鼠标点击: (1112,575)
2026-04-17 10:47:05,536 | INFO | 【录制】鼠标点击: (1119,579)
2026-04-17 10:47:06,004 | INFO | 【OCR】识别结果: 52m8
2026-04-17 10:47:06,165 | INFO | 【OCR】已自动输入
2026-04-17 10:47:08,083 | INFO | 【录制】键盘输入: [i52m8]
2026-04-17 10:47:08,085 | INFO | 【录制】鼠标点击: (852,687)
2026-04-17 10:47:09,446 | INFO | 【录制】鼠标点击: (910,629)
2026-04-17 10:47:18,165 | INFO | 【录制】鼠标点击: (1852,179)
2026-04-17 10:47:19,528 | INFO | 【录制】鼠标点击: (1852,281)
2026-04-17 10:47:22,615 | INFO | 【录制】鼠标点击: (1897,26)
2026-04-17 10:47:26,613 | INFO | 【录制】鼠标点击: (3298,450)
2026-04-17 10:47:26,693 | INFO | 【操作】已停止
2026-04-17 10:47:26,705 | INFO | 【录制】已停止
2026-04-17 10:47:30,693 | INFO | 【回放】开始执行
2026-04-17 10:47:34,044 | INFO | 【回放】点击 (116,443)
2026-04-17 10:47:38,393 | INFO | 【回放】点击 (421,70)
2026-04-17 10:47:51,279 | INFO | 【回放】按键 [enter]
2026-04-17 10:47:58,096 | INFO | 【回放】点击 (667,198)
2026-04-17 10:47:58,849 | INFO | 【回放】点击 (946,292)
2026-04-17 10:47:59,599 | INFO | 【回放】点击 (1197,376)
2026-04-17 10:48:00,344 | INFO | 【回放】点击 (1222,355)
2026-04-17 10:48:01,027 | INFO | 【回放】点击 (1243,357)
2026-04-17 10:48:04,611 | INFO | 【回放】点击 (1067,446)
2026-04-17 10:48:09,545 | INFO | 【回放】点击 (1096,494)
2026-04-17 10:48:15,926 | INFO | 【回放】点击 (960,558)
2026-04-17 10:48:22,026 | INFO | 【回放】点击 (1011,544)
2026-04-17 10:48:22,759 | INFO | 【回放】点击 (1097,571)
2026-04-17 10:48:23,426 | INFO | 【回放】点击 (1112,575)
2026-04-17 10:48:24,093 | INFO | 【回放】点击 (1119,579)
2026-04-17 10:48:27,175 | INFO | 【回放】点击 (852,687)
2026-04-17 10:48:28,809 | INFO | 【回放】点击 (910,629)
2026-04-17 10:48:38,358 | INFO | 【回放】点击 (1852,179)
2026-04-17 10:48:40,062 | INFO | 【回放】点击 (1852,281)
2026-04-17 10:48:43,776 | INFO | 【回放】点击 (1897,26)
2026-04-17 10:48:48,807 | INFO | 【回放】点击 (3298,450)
2026-04-17 10:48:48,812 | INFO | 【回放】执行完成
2026-04-17 10:48:55,594 | INFO | 【操作】已停止
2026-04-17 10:54:02,585 | INFO | OCR 加载完成
2026-04-17 10:54:03,398 | INFO | 快捷键监听已启动
2026-04-17 10:54:13,741 | INFO | 【录制】开始记录：鼠标移动 + 点击 + 键盘输入
2026-04-17 10:54:16,562 | INFO | 【录制】鼠标点击: (107,455)
2026-04-17 10:54:19,114 | INFO | 【录制】鼠标点击: (517,59)
2026-04-17 10:54:30,301 | INFO | 【录制】键盘输入: [https://172.26.27.231:10443]
2026-04-17 10:54:30,303 | INFO | 【录制】键盘输入: [回车]
2026-04-17 10:54:34,061 | INFO | 【截图】请框选校验区域
2026-04-17 10:54:35,787 | INFO | 【录制】鼠标点击: (706,201)
2026-04-17 10:54:36,242 | INFO | 【录制】鼠标点击: (1170,354)
2026-04-17 10:54:36,696 | INFO | 【录制】鼠标点击: (1224,357)
2026-04-17 10:54:37,151 | INFO | 【录制】鼠标点击: (1227,357)
2026-04-17 10:54:37,458 | INFO | 【截图】已保存基准图
2026-04-17 10:54:38,519 | INFO | 【录制】键盘输入: [s]
2026-04-17 10:54:38,528 | INFO | 【录制】鼠标点击: (1081,431)
2026-04-17 10:54:43,975 | INFO | 【录制】键盘输入: [rayleigh]
2026-04-17 10:54:43,976 | INFO | 【录制】鼠标点击: (1029,519)
2026-04-17 10:54:51,336 | INFO | 【录制】键盘输入: [Silvers$R7]
2026-04-17 10:54:51,340 | INFO | 【录制】鼠标点击: (955,559)
2026-04-17 10:54:53,124 | INFO | 【OCR】请框选验证码区域
2026-04-17 10:54:55,271 | INFO | 【录制】鼠标点击: (1010,544)
2026-04-17 10:54:55,727 | INFO | 【录制】鼠标点击: (1088,578)
2026-04-17 10:54:56,181 | INFO | 【录制】鼠标点击: (1111,578)
2026-04-17 10:54:56,635 | INFO | 【录制】鼠标点击: (1111,578)
2026-04-17 10:54:57,089 | INFO | 【录制】鼠标点击: (1113,580)
2026-04-17 10:54:57,818 | INFO | 【OCR】识别结果: nxcn
2026-04-17 10:54:57,975 | INFO | 【OCR】已自动输入
2026-04-17 10:54:59,866 | INFO | 【录制】键盘输入: [inxcn]
2026-04-17 10:54:59,868 | INFO | 【录制】鼠标点击: (852,685)
2026-04-17 10:55:01,959 | INFO | 【录制】鼠标点击: (950,626)
2026-04-17 10:55:14,397 | INFO | 【录制】鼠标点击: (1852,178)
2026-04-17 10:55:15,669 | INFO | 【录制】鼠标点击: (1848,292)
2026-04-17 10:55:18,487 | INFO | 【录制】鼠标点击: (1887,24)
2026-04-17 10:55:22,116 | INFO | 【录制】已强制停止！
2026-04-17 10:55:22,119 | INFO | 【操作】已停止
2026-04-17 10:55:22,124 | INFO | 【录制】已停止
2026-04-17 10:55:27,404 | INFO | 【回放】开始执行（可按 F8 强制停止）
2026-04-17 10:55:31,532 | INFO | 【回放】点击 (107,455)
2026-04-17 10:55:34,715 | INFO | 【回放】点击 (517,59)
2026-04-17 10:55:46,008 | INFO | 【回放】按键 [enter]
2026-04-17 10:55:52,331 | INFO | 【回放】点击 (706,201)
2026-04-17 10:55:53,163 | INFO | 【回放】点击 (1170,354)
2026-04-17 10:55:53,998 | INFO | 【回放】点击 (1224,357)
2026-04-17 10:55:54,665 | INFO | 【回放】点击 (1227,357)
2026-04-17 10:55:56,564 | INFO | 【回放】点击 (1081,431)
2026-04-17 10:56:02,397 | INFO | 【回放】点击 (1029,519)
2026-04-17 10:56:10,280 | INFO | 【回放】点击 (955,559)
2026-04-17 10:56:14,847 | INFO | 【回放】点击 (1010,544)
2026-04-17 10:56:15,684 | INFO | 【回放】点击 (1088,578)
2026-04-17 10:56:16,514 | INFO | 【回放】点击 (1111,578)
2026-04-17 10:56:17,130 | INFO | 【回放】点击 (1111,578)
2026-04-17 10:56:17,798 | INFO | 【回放】点击 (1113,580)
2026-04-17 10:56:21,364 | INFO | 【回放】点击 (852,685)
2026-04-17 10:56:23,879 | INFO | 【回放】点击 (950,626)
2026-04-17 10:56:37,048 | INFO | 【回放】点击 (1852,178)
2026-04-17 10:56:38,847 | INFO | 【回放】点击 (1848,292)
2026-04-17 10:56:42,346 | INFO | 【回放】点击 (1887,24)
2026-04-17 10:56:44,606 | INFO | 【回放】执行完成
2026-04-17 11:01:02,901 | INFO | OCR 加载完成
2026-04-17 11:01:03,625 | INFO | 快捷键监听已启动
2026-04-17 11:01:09,967 | INFO | 【录制】开始记录：鼠标移动 + 点击 + 键盘输入
2026-04-17 11:01:13,899 | INFO | 【录制】鼠标点击: (94,460)
2026-04-17 11:01:16,622 | INFO | 【录制】鼠标点击: (495,68)
2026-04-17 11:01:30,151 | INFO | 【录制】键盘输入: [https://172.26.27.231:10443]
2026-04-17 11:01:30,151 | INFO | 【录制】键盘输入: [回车]
2026-04-17 11:01:35,169 | INFO | 【录制】鼠标点击: (913,436)
2026-04-17 11:01:40,211 | INFO | 【录制】键盘输入: [rayleigh]
2026-04-17 11:01:40,211 | INFO | 【录制】鼠标点击: (934,507)
2026-04-17 11:01:46,526 | INFO | 【OCR】请框选验证码区域
2026-04-17 11:01:48,616 | INFO | 【录制】键盘输入: [Silvers$R7]
2026-04-17 11:01:48,617 | INFO | 【录制】鼠标点击: (1011,542)
2026-04-17 11:01:49,020 | INFO | 【录制】鼠标点击: (1039,565)
2026-04-17 11:01:49,425 | INFO | 【录制】鼠标点击: (1092,580)
2026-04-17 11:01:49,828 | INFO | 【录制】鼠标点击: (1103,580)
2026-04-17 11:01:50,232 | INFO | 【录制】鼠标点击: (1118,580)
2026-04-17 11:01:50,726 | INFO | 【OCR】识别结果: n3bc
2026-04-17 11:01:50,937 | INFO | 【OCR】已自动输入
2026-04-17 11:01:57,422 | INFO | ✅ 已强制停止所有操作！
2026-04-17 11:01:57,518 | INFO | 【录制】键盘输入: [in3bc]
2026-04-17 11:01:57,520 | INFO | 【录制】已停止
2026-04-17 11:02:14,568 | INFO | 【录制】开始记录：鼠标移动 + 点击 + 键盘输入
2026-04-17 11:02:17,597 | INFO | 【录制】鼠标点击: (109,478)
2026-04-17 11:02:19,819 | INFO | 【录制】鼠标点击: (592,64)
2026-04-17 11:02:29,733 | INFO | 【录制】键盘输入: [https://172.26.27.231:10443]
2026-04-17 11:02:29,740 | INFO | 【录制】键盘输入: [回车]
2026-04-17 11:02:38,066 | INFO | 【录制】键盘输入: [ss]
2026-04-17 11:02:38,071 | INFO | 【录制】鼠标点击: (706,192)
2026-04-17 11:02:38,475 | INFO | 【录制】鼠标点击: (855,249)
2026-04-17 11:02:49,960 | INFO | 【录制】键盘输入: [si]
2026-04-17 11:02:49,964 | INFO | 【录制】鼠标点击: (3189,417)
2026-04-17 11:02:49,967 | INFO | ✅ 已强制停止所有操作！
2026-04-17 11:02:50,066 | INFO | 【录制】已停止
2026-04-17 11:02:57,242 | INFO | OCR 加载完成
2026-04-17 11:02:58,051 | INFO | 快捷键监听已启动
2026-04-17 11:03:03,983 | INFO | 【录制】开始记录：鼠标移动 + 点击 + 键盘输入
2026-04-17 11:03:06,006 | INFO | 【录制】鼠标点击: (115,458)
2026-04-17 11:03:08,635 | INFO | 【录制】鼠标点击: (568,64)
2026-04-17 11:03:19,790 | INFO | 【录制】键盘输入: [https://172.26.27.231:10443]
2026-04-17 11:03:19,794 | INFO | 【录制】键盘输入: [回车]
2026-04-17 11:03:22,773 | INFO | 【截图】请框选校验区域
2026-04-17 11:03:24,574 | INFO | 【录制】鼠标点击: (697,205)
2026-04-17 11:03:24,977 | INFO | 【录制】鼠标点击: (868,267)
2026-04-17 11:03:25,381 | INFO | 【录制】鼠标点击: (1099,342)
2026-04-17 11:03:25,786 | INFO | 【录制】鼠标点击: (1179,350)
2026-04-17 11:03:26,190 | INFO | 【录制】鼠标点击: (1204,356)
2026-04-17 11:03:26,593 | INFO | 【录制】鼠标点击: (1204,356)
2026-04-17 11:03:26,938 | INFO | 【截图】已保存基准图
2026-04-17 11:03:30,026 | INFO | 【录制】键盘输入: [s]
2026-04-17 11:03:30,028 | INFO | 【录制】鼠标点击: (1104,442)
2026-04-17 11:03:34,463 | INFO | 【录制】键盘输入: [rayleigh]
2026-04-17 11:03:34,467 | INFO | 【录制】鼠标点击: (1104,504)
2026-04-17 11:03:40,209 | INFO | 【录制】键盘输入: [Silvers$R7]
2026-04-17 11:03:40,211 | INFO | 【录制】鼠标点击: (961,562)
2026-04-17 11:03:46,660 | INFO | 【录制】键盘输入: [gw7e]
2026-04-17 11:03:46,663 | INFO | 【录制】鼠标点击: (851,691)
2026-04-17 11:03:49,986 | INFO | 【录制】鼠标点击: (891,626)
2026-04-17 11:03:57,444 | INFO | 【录制】鼠标点击: (1845,175)
2026-04-17 11:03:58,652 | INFO | 【录制】鼠标点击: (1841,290)
2026-04-17 11:04:00,566 | INFO | 【录制】鼠标点击: (1896,5)
2026-04-17 11:04:02,482 | INFO | 【录制】鼠标点击: (3350,497)
2026-04-17 11:04:02,549 | INFO | ✅ 已强制停止所有操作！
2026-04-17 11:04:02,583 | INFO | 【录制】已停止
2026-04-17 11:04:19,046 | INFO | 【回放】开始（F8 随时强制停止）
2026-04-17 11:04:23,158 | INFO | 【回放】点击 (115,458)
2026-04-17 11:04:27,475 | INFO | 【回放】点击 (568,64)
2026-04-17 11:04:38,736 | INFO | 【回放】按键 [enter]
2026-04-17 11:04:44,691 | INFO | 【回放】点击 (697,205)
2026-04-17 11:04:45,859 | INFO | 【回放】点击 (868,267)
2026-04-17 11:04:47,059 | INFO | 【回放】点击 (1099,342)
2026-04-17 11:04:48,225 | INFO | 【回放】点击 (1179,350)
2026-04-17 11:04:49,308 | INFO | 【回放】点击 (1204,356)
2026-04-17 11:04:50,175 | INFO | 【回放】点击 (1204,356)
2026-04-17 11:04:55,649 | INFO | 【回放】点击 (1104,442)
2026-04-17 11:05:01,359 | INFO | 【回放】点击 (1104,504)
2026-04-17 11:05:08,174 | INFO | 【回放】点击 (961,562)
2026-04-17 11:05:16,207 | INFO | 【回放】点击 (851,691)
2026-04-17 11:05:20,508 | INFO | 【回放】点击 (891,626)
2026-04-17 11:05:30,675 | INFO | 【回放】点击 (1845,175)
2026-04-17 11:05:33,058 | INFO | 【回放】点击 (1841,290)
2026-04-17 11:05:36,009 | INFO | 【回放】点击 (1896,5)
2026-04-17 11:05:39,510 | INFO | 【回放】点击 (3350,497)
2026-04-17 11:05:39,516 | INFO | 【回放】执行完成
2026-04-17 11:05:41,528 | INFO | ✅ 已强制停止所有操作！
2026-04-17 11:08:40,714 | INFO | OCR 加载完成
2026-04-17 11:08:41,423 | INFO | 快捷键监听已启动
2026-04-17 11:08:54,424 | INFO | 【录制】开始记录：鼠标移动 + 点击 + 键盘输入
2026-04-17 11:08:57,654 | INFO | 【录制】鼠标点击: (123,468)
2026-04-17 11:09:01,681 | INFO | 【录制】鼠标点击: (539,66)
2026-04-17 11:09:12,544 | INFO | 【录制】键盘输入: [https://172.26.27.231:10443]
2026-04-17 11:09:12,546 | INFO | 【录制】键盘输入: [回车]
2026-04-17 11:09:17,004 | INFO | 【录制】鼠标点击: (899,436)
2026-04-17 11:09:23,150 | INFO | 【录制】键盘输入: [rayleigh]
2026-04-17 11:09:23,155 | INFO | 【录制】鼠标点击: (927,503)
2026-04-17 11:09:29,502 | INFO | 【录制】键盘输入: [Silvers$R7]
2026-04-17 11:09:29,504 | INFO | 【录制】鼠标点击: (912,562)
2026-04-17 11:09:31,536 | INFO | 【OCR】请框选验证码区域
2026-04-17 11:09:34,343 | INFO | 【录制】鼠标点击: (1007,545)
2026-04-17 11:09:34,748 | INFO | 【录制】鼠标点击: (1066,568)
2026-04-17 11:09:35,150 | INFO | 【录制】鼠标点击: (1099,577)
2026-04-17 11:09:35,553 | INFO | 【录制】鼠标点击: (1106,580)
2026-04-17 11:09:35,956 | INFO | 【录制】鼠标点击: (1111,580)
2026-04-17 11:09:36,360 | INFO | 【录制】鼠标点击: (1112,580)
2026-04-17 11:09:36,665 | INFO | 【OCR】识别结果: mc3e
2026-04-17 11:09:36,792 | INFO | 【OCR】已自动输入
2026-04-17 11:09:38,477 | INFO | 【录制】键盘输入: [imc3e]
2026-04-17 11:09:38,479 | INFO | 【录制】鼠标点击: (846,683)
2026-04-17 11:09:39,991 | INFO | 【录制】鼠标点击: (909,630)
2026-04-17 11:09:48,454 | INFO | 【录制】鼠标点击: (1851,179)
2026-04-17 11:09:49,965 | INFO | 【录制】鼠标点击: (1846,288)
2026-04-17 11:09:53,289 | INFO | 【录制】鼠标点击: (1904,13)
2026-04-17 11:09:58,030 | INFO | 【录制】鼠标点击: (3278,459)
2026-04-17 11:09:58,049 | INFO | ✅ [F8] 全局强制停止已触发！
2026-04-17 11:09:58,131 | INFO | 【录制】已停止
2026-04-17 11:10:03,528 | INFO | 【回放】开始（F8 随时强制停止）
2026-04-17 11:10:09,336 | INFO | 【回放】点击 (123,468)
2026-04-17 11:10:15,640 | INFO | 【回放】点击 (539,66)
2026-04-17 11:10:26,608 | INFO | 【回放】按键 [enter]
2026-04-17 11:10:32,919 | INFO | 【回放】点击 (899,436)
2026-04-17 11:10:40,418 | INFO | 【回放】点击 (927,503)
2026-04-17 11:10:48,022 | INFO | 【回放】点击 (912,562)
2026-04-17 11:14:36,816 | INFO | OCR 加载完成
2026-04-17 11:14:37,687 | INFO | 快捷键监听已启动
2026-04-17 11:14:42,448 | INFO | 【录制】开始
2026-04-17 11:14:43,965 | INFO | 【录制】鼠标点击: (128,457)
2026-04-17 11:14:46,988 | INFO | 【录制】鼠标点击: (1902,26)
2026-04-17 11:14:49,811 | INFO | 【录制】鼠标点击: (3123,556)
2026-04-17 11:14:49,884 | INFO | ✅ 已触发全局强制停止
2026-04-17 11:14:49,913 | INFO | 【录制】已停止
2026-04-17 11:14:53,089 | INFO | 【回放】开始（F8 随时停止）
2026-04-17 11:14:55,433 | INFO | 【回放】点击 (128,457)
2026-04-17 11:14:59,297 | INFO | 【回放】点击 (1902,26)
2026-04-17 11:15:02,905 | INFO | ✅ 已触发全局强制停止
2026-04-17 11:15:02,949 | INFO | 【回放】点击 (3123,556)
2026-04-17 11:15:02,950 | INFO | 【回放】执行完成
2026-04-17 11:20:54,507 | INFO | OCR 加载完成
2026-04-17 11:20:55,211 | INFO | 快捷键监听已启动
2026-04-17 11:21:01,144 | INFO | 【录制】开始（支持单击/双击）
2026-04-17 11:21:03,390 | INFO | 【录制】单击: (112,458)
2026-04-17 11:21:28,606 | INFO | 【录制】输入: [https://172.26.27.231:10443]
2026-04-17 11:21:28,608 | INFO | 【录制】按键: [回车]
2026-04-17 11:21:36,638 | INFO | ✅ 已全局强制停止
2026-04-17 11:21:36,684 | INFO | 【录制】单击: (3076,324)
2026-04-17 11:21:36,686 | INFO | 【录制】已停止
2026-04-17 11:21:42,599 | INFO | 【回放】开始（F8随时停止）
2026-04-17 11:21:45,627 | INFO | 【回放】单击 (112,458)
2026-04-17 11:22:12,701 | INFO | 【回放】按键 [enter]
2026-04-17 11:22:22,317 | INFO | ✅ 已全局强制停止
2026-04-17 11:22:22,341 | INFO | 【回放】单击 (3076,324)
2026-04-17 11:22:22,345 | INFO | 【回放】执行完成 ✅
2026-04-17 11:22:34,031 | INFO | OCR 加载完成
2026-04-17 11:22:34,778 | INFO | 快捷键监听已启动
2026-04-17 11:22:39,690 | INFO | 【录制】开始（支持单击/双击）
2026-04-17 11:22:41,832 | INFO | 【录制】单击: (115,448)
2026-04-17 11:22:49,037 | INFO | ✅ 已全局强制停止
2026-04-17 11:22:49,058 | INFO | 【录制】已停止
2026-04-17 11:22:52,366 | INFO | 【回放】开始（F8随时停止）
2026-04-17 11:22:55,292 | INFO | 【回放】单击 (115,448)
2026-04-17 11:23:04,646 | INFO | 【回放】执行完成 ✅
2026-04-17 11:24:56,166 | INFO | OCR 加载完成
2026-04-17 11:24:56,863 | INFO | 快捷键监听已启动
2026-04-17 11:25:07,160 | INFO | 【录制】开始（支持单击/双击）
2026-04-17 11:26:56,423 | INFO | OCR 加载完成
2026-04-17 11:26:57,202 | INFO | 快捷键监听已启动
2026-04-17 11:27:05,746 | INFO | 【录制】开始（支持单击/双击）
2026-04-17 11:27:08,690 | INFO | 【录制】双击: (115,447)
2026-04-17 11:27:13,790 | INFO | 【录制】单击: (3819,22)
2026-04-17 11:27:17,242 | INFO | ✅ 已全局强制停止
2026-04-17 11:27:17,250 | INFO | 【录制】已停止
2026-04-17 11:27:19,582 | INFO | 【回放】开始（F8随时停止）
2026-04-17 11:27:24,056 | INFO | 【回放】双击 (115,447) → 打开浏览器
2026-04-17 11:27:30,457 | INFO | 【回放】单击 (3819,22)
2026-04-17 11:27:34,286 | INFO | 【回放】执行完成 ✅
2026-04-17 11:28:00,547 | INFO | ✅ 已全局强制停止
2026-04-17 11:28:26,814 | INFO | OCR 加载完成
2026-04-17 11:28:27,598 | INFO | 快捷键监听已启动
2026-04-17 11:28:32,113 | INFO | 【录制】开始（支持单击/双击）
2026-04-17 11:28:36,516 | INFO | 【录制】双击: (109,442)
2026-04-17 11:28:49,935 | INFO | 【录制】单击: (2608,73)
2026-04-17 11:29:00,904 | INFO | 【录制】输入: [https://172.26.27.231:10443]
2026-04-17 11:29:00,906 | INFO | 【录制】按键: [回车]
2026-04-17 11:29:07,745 | INFO | ✅ 已全局强制停止
2026-04-17 11:29:07,752 | INFO | 【录制】已停止
2026-04-17 11:29:31,801 | INFO | 【录制】开始（支持单击/双击）
2026-04-17 11:29:36,275 | INFO | 【录制】双击: (127,455)
2026-04-17 11:29:38,829 | INFO | 【录制】单击: (788,62)
2026-04-17 11:29:49,648 | INFO | 【录制】输入: [https://172.26.27.231:10443]
2026-04-17 11:29:49,649 | INFO | 【录制】按键: [回车]
2026-04-17 11:29:53,148 | INFO | 【录制】单击: (2594,1035)
2026-04-17 11:30:08,145 | INFO | 【录制】输入: [ss]
2026-04-17 11:30:08,147 | INFO | 【录制】单击: (1817,990)
2026-04-17 11:30:10,865 | INFO | 【录制】输入: [s]
2026-04-17 11:30:10,868 | INFO | 【录制】单击: (806,250)
2026-04-17 11:30:15,552 | INFO | 【录制】输入: [ss]
2026-04-17 11:30:15,554 | INFO | 【录制】单击: (926,457)
2026-04-17 11:30:16,078 | INFO | 【录制】单击: (925,457)
2026-04-17 11:30:20,814 | INFO | 【录制】输入: [i]
2026-04-17 11:30:20,817 | INFO | 【录制】单击: (1900,89)
2026-04-17 11:30:31,467 | INFO | 【录制】单击: (3046,882)
2026-04-17 11:30:44,920 | INFO | OCR 加载完成
2026-04-17 11:30:45,780 | INFO | 快捷键监听已启动
